#
# There is insufficient memory for the Java Runtime Environment to continue.
# Native memory allocation (malloc) failed to allocate 1048576 bytes. Error detail: AllocateHeap
# Possible reasons:
#   The system is out of physical RAM or swap space
#   This process is running with CompressedOops enabled, and the Java Heap may be blocking the growth of the native heap
# Possible solutions:
#   Reduce memory load on the system
#   Increase physical memory or swap space
#   Check if swap backing store is full
#   Decrease Java heap size (-Xmx/-Xms)
#   Decrease number of Java threads
#   Decrease Java thread stack sizes (-Xss)
#   Set larger code cache with -XX:ReservedCodeCacheSize=
#   JVM is running with Unscaled Compressed Oops mode in which the Java heap is
#     placed in the first 4GB address space. The Java Heap base address is the
#     maximum limit for the native heap growth. Please use -XX:HeapBaseMinAddress
#     to set the Java Heap base and to place the Java Heap above 4GB virtual address.
# This output file may be truncated or incomplete.
#
#  Out of Memory Error (allocation.cpp:44), pid=33712, tid=7276
#
# JRE version: OpenJDK Runtime Environment Temurin-21.0.8+9 (21.0.8+9) (build 21.0.8+9-LTS)
# Java VM: OpenJDK 64-Bit Server VM Temurin-21.0.8+9 (21.0.8+9-LTS, mixed mode, sharing, tiered, compressed oops, compressed class ptrs, parallel gc, windows-amd64)
# No core dump will be written. Minidumps are not enabled by default on client versions of Windows
#

---------------  S U M M A R Y ------------

Command Line: --add-modules=ALL-SYSTEM --add-opens=java.base/java.util=ALL-UNNAMED --add-opens=java.base/java.lang=ALL-UNNAMED --add-opens=java.base/sun.nio.fs=ALL-UNNAMED -Declipse.application=org.eclipse.jdt.ls.core.id1 -Dosgi.bundles.defaultStartLevel=4 -Declipse.product=org.eclipse.jdt.ls.core.product -Djava.import.generatesMetadataFilesAtProjectRoot=false -DDetectVMInstallationsJob.disabled=true -Dfile.encoding=utf8 -XX:+UseParallelGC -XX:GCTimeRatio=4 -XX:AdaptiveSizePolicyWeight=90 -Dsun.zip.disableMemoryMapping=true -Xmx2G -Xms100m -Xlog:disable -javaagent:c:\Users\HP\.qoder\extensions\redhat.java-1.45.0-win32-x64\lombok\lombok-1.18.39-4050.jar -XX:+HeapDumpOnOutOfMemoryError -XX:HeapDumpPath=c:\Users\HP\AppData\Roaming\Qoder\User\workspaceStorage\c8dd275b3f5c34df4f1f65b0cc0df5d9\redhat.java -Daether.dependencyCollector.impl=bf c:\Users\HP\.qoder\extensions\redhat.java-1.45.0-win32-x64\server\plugins\org.eclipse.equinox.launcher_1.7.0.v20250519-0528.jar -configuration c:\Users\HP\AppData\Roaming\Qoder\User\globalStorage\redhat.java\1.45.0\config_win -data c:\Users\HP\AppData\Roaming\Qoder\User\workspaceStorage\c8dd275b3f5c34df4f1f65b0cc0df5d9\redhat.java\jdt_ws --pipe=\\.\pipe\lsp-47162588220c36e4d02ff5f2da7fe886-sock

Host: AMD Ryzen 5 5500U with Radeon Graphics         , 12 cores, 7G,  Windows 11 , 64 bit Build 26100 (10.0.26100.5074)
Time: Thu Sep 18 03:07:01 2025 SE Asia Standard Time elapsed time: 3993.820479 seconds (0d 1h 6m 33s)

---------------  T H R E A D  ---------------

Current thread (0x000002730421f160):  JavaThread "Attach Listener" daemon [_thread_in_vm, id=7276, stack(0x000000f061800000,0x000000f061900000) (1024K)]

Stack: [0x000000f061800000,0x000000f061900000]
Native frames: (J=compiled Java code, j=interpreted, Vv=VM code, C=native code)
V  [jvm.dll+0x6d2449]
V  [jvm.dll+0x8ae341]
V  [jvm.dll+0x8b08be]
V  [jvm.dll+0x8b0fa3]
V  [jvm.dll+0x280c96]
V  [jvm.dll+0xc0347]
V  [jvm.dll+0x6d2cf9]
V  [jvm.dll+0x131116]
V  [jvm.dll+0x3f2d16]
V  [jvm.dll+0x857e6b]
V  [jvm.dll+0x6d0b0d]
C  [ucrtbase.dll+0x37b0]
C  [KERNEL32.DLL+0x2e8d7]
C  [ntdll.dll+0x8d9c]


---------------  P R O C E S S  ---------------

Threads class SMR info:
_java_thread_list=0x000002731602ada0, length=39, elements={
0x00000272aa94c2c0, 0x00000272aa8fce20, 0x00000272aa8fdcd0, 0x000002730421e510,
0x000002730421f160, 0x000002730421fdb0, 0x0000027304222810, 0x0000027304225650,
0x000002730425baa0, 0x000002730432c7c0, 0x0000027304590900, 0x0000027304d7c4d0,
0x0000027304284ab0, 0x000002730909f480, 0x000002730909fdc0, 0x0000027309540780,
0x00000273095178e0, 0x00000273092603a0, 0x000002730925eff0, 0x0000027309930fb0,
0x0000027309931cd0, 0x000002730992e850, 0x0000027309932360, 0x000002730992eee0,
0x00000273099329f0, 0x000002730992f570, 0x0000027309933da0, 0x00000273099357e0,
0x0000027309933080, 0x0000027309935150, 0x0000027309933710, 0x0000027309934430,
0x0000027309935e70, 0x0000027309934ac0, 0x000002730925f680, 0x0000027309d85d20,
0x000002731dc61b70, 0x000002730c34b050, 0x000002730c34d120
}

Java Threads: ( => current thread )
  0x00000272aa94c2c0 JavaThread "main"                              [_thread_blocked, id=31908, stack(0x000000f061100000,0x000000f061200000) (1024K)]
  0x00000272aa8fce20 JavaThread "Reference Handler"          daemon [_thread_blocked, id=18252, stack(0x000000f061500000,0x000000f061600000) (1024K)]
  0x00000272aa8fdcd0 JavaThread "Finalizer"                  daemon [_thread_blocked, id=27116, stack(0x000000f061600000,0x000000f061700000) (1024K)]
  0x000002730421e510 JavaThread "Signal Dispatcher"          daemon [_thread_blocked, id=10400, stack(0x000000f061700000,0x000000f061800000) (1024K)]
=>0x000002730421f160 JavaThread "Attach Listener"            daemon [_thread_in_vm, id=7276, stack(0x000000f061800000,0x000000f061900000) (1024K)]
  0x000002730421fdb0 JavaThread "Service Thread"             daemon [_thread_blocked, id=20228, stack(0x000000f061900000,0x000000f061a00000) (1024K)]
  0x0000027304222810 JavaThread "Monitor Deflation Thread"   daemon [_thread_blocked, id=23488, stack(0x000000f061a00000,0x000000f061b00000) (1024K)]
  0x0000027304225650 JavaThread "C2 CompilerThread0"         daemon [_thread_blocked, id=27468, stack(0x000000f061b00000,0x000000f061c00000) (1024K)]
  0x000002730425baa0 JavaThread "C1 CompilerThread0"         daemon [_thread_blocked, id=3220, stack(0x000000f061c00000,0x000000f061d00000) (1024K)]
  0x000002730432c7c0 JavaThread "Common-Cleaner"             daemon [_thread_blocked, id=27500, stack(0x000000f061d00000,0x000000f061e00000) (1024K)]
  0x0000027304590900 JavaThread "Notification Thread"        daemon [_thread_blocked, id=27776, stack(0x000000f061f00000,0x000000f062000000) (1024K)]
  0x0000027304d7c4d0 JavaThread "Active Thread: Equinox Container: 723b3c8c-40cc-4040-a45a-0746e49edf48"        [_thread_blocked, id=22764, stack(0x000000f062700000,0x000000f062800000) (1024K)]
  0x0000027304284ab0 JavaThread "Refresh Thread: Equinox Container: 723b3c8c-40cc-4040-a45a-0746e49edf48" daemon [_thread_blocked, id=32936, stack(0x000000f061e00000,0x000000f061f00000) (1024K)]
  0x000002730909f480 JavaThread "Framework Event Dispatcher: Equinox Container: 723b3c8c-40cc-4040-a45a-0746e49edf48" daemon [_thread_blocked, id=9876, stack(0x000000f062800000,0x000000f062900000) (1024K)]
  0x000002730909fdc0 JavaThread "Start Level: Equinox Container: 723b3c8c-40cc-4040-a45a-0746e49edf48" daemon [_thread_blocked, id=24684, stack(0x000000f062900000,0x000000f062a00000) (1024K)]
  0x0000027309540780 JavaThread "Bundle File Closer"         daemon [_thread_blocked, id=32772, stack(0x000000f062d00000,0x000000f062e00000) (1024K)]
  0x00000273095178e0 JavaThread "SCR Component Actor"        daemon [_thread_blocked, id=23860, stack(0x000000f062a00000,0x000000f062b00000) (1024K)]
  0x00000273092603a0 JavaThread "Worker-JM"                         [_thread_blocked, id=33724, stack(0x000000f063000000,0x000000f063100000) (1024K)]
  0x000002730925eff0 JavaThread "JNA Cleaner"                daemon [_thread_blocked, id=28800, stack(0x000000f062f00000,0x000000f063000000) (1024K)]
  0x0000027309930fb0 JavaThread "Java indexing"              daemon [_thread_blocked, id=23924, stack(0x000000f063500000,0x000000f063600000) (1024K)]
  0x0000027309931cd0 JavaThread "Thread-2"                   daemon [_thread_in_native, id=18944, stack(0x000000f063a00000,0x000000f063b00000) (1024K)]
  0x000002730992e850 JavaThread "Thread-3"                   daemon [_thread_in_native, id=21924, stack(0x000000f063b00000,0x000000f063c00000) (1024K)]
  0x0000027309932360 JavaThread "Thread-4"                   daemon [_thread_in_native, id=32788, stack(0x000000f063c00000,0x000000f063d00000) (1024K)]
  0x000002730992eee0 JavaThread "Thread-5"                   daemon [_thread_in_native, id=5184, stack(0x000000f063d00000,0x000000f063e00000) (1024K)]
  0x00000273099329f0 JavaThread "Thread-6"                   daemon [_thread_in_native, id=30452, stack(0x000000f063e00000,0x000000f063f00000) (1024K)]
  0x000002730992f570 JavaThread "Thread-7"                   daemon [_thread_in_native, id=30556, stack(0x000000f063f00000,0x000000f064000000) (1024K)]
  0x0000027309933da0 JavaThread "Thread-8"                   daemon [_thread_in_native, id=28684, stack(0x000000f064000000,0x000000f064100000) (1024K)]
  0x00000273099357e0 JavaThread "Thread-9"                   daemon [_thread_in_native, id=3000, stack(0x000000f064100000,0x000000f064200000) (1024K)]
  0x0000027309933080 JavaThread "Thread-10"                  daemon [_thread_in_native, id=11660, stack(0x000000f064200000,0x000000f064300000) (1024K)]
  0x0000027309935150 JavaThread "Thread-11"                  daemon [_thread_in_native, id=1776, stack(0x000000f064300000,0x000000f064400000) (1024K)]
  0x0000027309933710 JavaThread "Thread-12"                  daemon [_thread_in_native, id=32208, stack(0x000000f064400000,0x000000f064500000) (1024K)]
  0x0000027309934430 JavaThread "Thread-13"                  daemon [_thread_in_native, id=26136, stack(0x000000f064500000,0x000000f064600000) (1024K)]
  0x0000027309935e70 JavaThread "Thread-14"                  daemon [_thread_in_native, id=4528, stack(0x000000f064600000,0x000000f064700000) (1024K)]
  0x0000027309934ac0 JavaThread "pool-2-thread-1"                   [_thread_blocked, id=32252, stack(0x000000f064700000,0x000000f064800000) (1024K)]
  0x000002730925f680 JavaThread "WorkspaceEventsHandler"            [_thread_blocked, id=21764, stack(0x000000f064800000,0x000000f064900000) (1024K)]
  0x0000027309d85d20 JavaThread "pool-1-thread-1"                   [_thread_blocked, id=32272, stack(0x000000f064900000,0x000000f064a00000) (1024K)]
  0x000002731dc61b70 JavaThread "Cleaner-0"                  daemon [_thread_blocked, id=22028, stack(0x000000f060e00000,0x000000f060f00000) (1024K)]
  0x000002730c34b050 JavaThread "Worker-25"                         [_thread_blocked, id=26312, stack(0x000000f060f00000,0x000000f061000000) (1024K)]
  0x000002730c34d120 JavaThread "Worker-32"                         [_thread_blocked, id=27504, stack(0x000000f063100000,0x000000f063200000) (1024K)]
Total: 39

Other Threads:
  0x00000272aaa0dab0 VMThread "VM Thread"                           [id=27060, stack(0x000000f061400000,0x000000f061500000) (1024K)]
  0x00000272aa7dca00 WatcherThread "VM Periodic Task Thread"        [id=28432, stack(0x000000f061300000,0x000000f061400000) (1024K)]
  0x00000272aa96a610 WorkerThread "GC Thread#0"                     [id=25100, stack(0x000000f061200000,0x000000f061300000) (1024K)]
  0x00000273048fce90 WorkerThread "GC Thread#1"                     [id=22348, stack(0x000000f062000000,0x000000f062100000) (1024K)]
  0x0000027304c11d70 WorkerThread "GC Thread#2"                     [id=10148, stack(0x000000f062100000,0x000000f062200000) (1024K)]
  0x00000273048fd230 WorkerThread "GC Thread#3"                     [id=20600, stack(0x000000f062200000,0x000000f062300000) (1024K)]
  0x00000273048fd5d0 WorkerThread "GC Thread#4"                     [id=23776, stack(0x000000f062300000,0x000000f062400000) (1024K)]
  0x00000273048fd970 WorkerThread "GC Thread#5"                     [id=19280, stack(0x000000f062400000,0x000000f062500000) (1024K)]
  0x0000027304a17be0 WorkerThread "GC Thread#6"                     [id=22160, stack(0x000000f062500000,0x000000f062600000) (1024K)]
  0x0000027304a174a0 WorkerThread "GC Thread#7"                     [id=24516, stack(0x000000f062600000,0x000000f062700000) (1024K)]
  0x0000027304a17f80 WorkerThread "GC Thread#8"                     [id=27120, stack(0x000000f062b00000,0x000000f062c00000) (1024K)]
  0x0000027304a18320 WorkerThread "GC Thread#9"                     [id=18220, stack(0x000000f062c00000,0x000000f062d00000) (1024K)]
Total: 12

Threads with active compile tasks:
Total: 0

VM state: not at safepoint (normal execution)

VM Mutex/Monitor currently owned by a thread: None

Heap address: 0x0000000080000000, size: 2048 MB, Compressed Oops mode: 32-bit

CDS archive(s) mapped at: [0x00000272c2000000-0x00000272c2ba0000-0x00000272c2ba0000), size 12189696, SharedBaseAddress: 0x00000272c2000000, ArchiveRelocationMode: 1.
Compressed class space mapped at: 0x00000272c3000000-0x0000027303000000, reserved size: 1073741824
Narrow klass base: 0x00000272c2000000, Narrow klass shift: 0, Narrow klass range: 0x100000000

GC Precious Log:
 CardTable entry size: 512
 CPUs: 12 total, 12 available
 Memory: 7502M
 Large Page Support: Disabled
 NUMA Support: Disabled
 Compressed Oops: Enabled (32-bit)
 Alignments: Space 512K, Generation 512K, Heap 2M
 Heap Min Capacity: 100M
 Heap Initial Capacity: 100M
 Heap Max Capacity: 2G
 Pre-touch: Disabled
 Parallel Workers: 10

Heap:
 PSYoungGen      total 6656K, used 5441K [0x00000000d5580000, 0x00000000d5d80000, 0x0000000100000000)
  eden space 6144K, 82% used [0x00000000d5580000,0x00000000d5a706b8,0x00000000d5b80000)
  from space 512K, 75% used [0x00000000d5d00000,0x00000000d5d60000,0x00000000d5d80000)
  to   space 512K, 0% used [0x00000000d5c80000,0x00000000d5c80000,0x00000000d5d00000)
 ParOldGen       total 767488K, used 377473K [0x0000000080000000, 0x00000000aed80000, 0x00000000d5580000)
  object space 767488K, 49% used [0x0000000080000000,0x00000000970a06d0,0x00000000aed80000)
 Metaspace       used 87641K, committed 89536K, reserved 1179648K
  class space    used 8781K, committed 9664K, reserved 1048576K

Card table byte_map: [0x00000272aa2f0000,0x00000272aa700000] _byte_map_base: 0x00000272a9ef0000

Marking Bits: (ParMarkBitMap*) 0x00007ffc90c3a340
 Begin Bits: [0x00000272bcdf0000, 0x00000272bedf0000)
 End Bits:   [0x00000272bedf0000, 0x00000272c0df0000)

Polling page: 0x00000272a8490000

Metaspace:

Usage:
  Non-class:     77.01 MB used.
      Class:      8.58 MB used.
       Both:     85.59 MB used.

Virtual space:
  Non-class space:      128.00 MB reserved,      78.00 MB ( 61%) committed,  2 nodes.
      Class space:        1.00 GB reserved,       9.44 MB ( <1%) committed,  1 nodes.
             Both:        1.12 GB reserved,      87.44 MB (  8%) committed. 

Chunk freelists:
   Non-Class:  1.55 MB
       Class:  6.42 MB
        Both:  7.96 MB

MaxMetaspaceSize: unlimited
CompressedClassSpaceSize: 1.00 GB
Initial GC threshold: 21.00 MB
Current GC threshold: 141.19 MB
CDS: on
 - commit_granule_bytes: 65536.
 - commit_granule_words: 8192.
 - virtual_space_node_default_size: 8388608.
 - enlarge_chunks_in_place: 1.
 - use_allocation_guard: 0.


Internal statistics:

num_allocs_failed_limit: 9.
num_arena_births: 1706.
num_arena_deaths: 18.
num_vsnodes_births: 3.
num_vsnodes_deaths: 0.
num_space_committed: 1399.
num_space_uncommitted: 0.
num_chunks_returned_to_freelist: 28.
num_chunks_taken_from_freelist: 6046.
num_chunk_merges: 10.
num_chunk_splits: 3570.
num_chunks_enlarged: 1819.
num_inconsistent_stats: 0.

CodeHeap 'non-profiled nmethods': size=120000Kb used=21426Kb max_used=21426Kb free=98573Kb
 bounds [0x00000272b5610000, 0x00000272b6b00000, 0x00000272bcb40000]
CodeHeap 'profiled nmethods': size=120000Kb used=49454Kb max_used=51979Kb free=70545Kb
 bounds [0x00000272adb40000, 0x00000272b0e10000, 0x00000272b5070000]
CodeHeap 'non-nmethods': size=5760Kb used=1522Kb max_used=1659Kb free=4237Kb
 bounds [0x00000272b5070000, 0x00000272b52e0000, 0x00000272b5610000]
CodeCache: size=245760Kb, used=72402Kb, max_used=75064Kb, free=173355Kb
 total_blobs=21485, nmethods=20645, adapters=738, full_count=0
Compilation: enabled, stopped_count=0, restarted_count=0

Compilation events (20 events):
Event: 3022.438 Thread 0x000002730425baa0 nmethod 25191 0x00000272afe6fd10 code [0x00000272afe6fee0, 0x00000272afe700c0]
Event: 3023.287 Thread 0x0000027304225650 nmethod 25192 0x00000272b6afb510 code [0x00000272b6afb760, 0x00000272b6afc080]
Event: 3520.683 Thread 0x000002730425baa0 25193       1       org.eclipse.osgi.internal.location.BasicLocation::isReadOnly (5 bytes)
Event: 3520.701 Thread 0x000002730425baa0 nmethod 25193 0x00000272b6afc810 code [0x00000272b6afc9a0, 0x00000272b6afca70]
Event: 3759.626 Thread 0x000002730425baa0 25194       3       java.lang.ProcessHandleImpl::<init> (15 bytes)
Event: 3759.647 Thread 0x000002730425baa0 nmethod 25194 0x00000272aee0e090 code [0x00000272aee0e240, 0x00000272aee0e3b0]
Event: 3769.625 Thread 0x000002730425baa0 25195       3       java.lang.ProcessHandleImpl::get (51 bytes)
Event: 3769.686 Thread 0x000002730425baa0 nmethod 25195 0x00000272afe6f290 code [0x00000272afe6f4a0, 0x00000272afe6faa8]
Event: 3789.660 Thread 0x000002730425baa0 25196       3       java.lang.ProcessHandle::of (5 bytes)
Event: 3789.685 Thread 0x000002730425baa0 nmethod 25196 0x00000272af312490 code [0x00000272af312640, 0x00000272af312758]
Event: 3821.339 Thread 0x000002730425baa0 25197       3       java.util.concurrent.ScheduledThreadPoolExecutor$DelayedWorkQueue::take (5 bytes)
Event: 3821.368 Thread 0x000002730425baa0 nmethod 25197 0x00000272af375d90 code [0x00000272af375f40, 0x00000272af376080]
Event: 3839.716 Thread 0x000002730425baa0 25198       3       java.util.concurrent.ScheduledThreadPoolExecutor$ScheduledFutureTask::setNextRunTime (38 bytes)
Event: 3839.746 Thread 0x000002730425baa0 nmethod 25198 0x00000272aea9a810 code [0x00000272aea9a9c0, 0x00000272aea9abd0]
Event: 3839.747 Thread 0x000002730425baa0 25199       3       java.util.concurrent.ScheduledThreadPoolExecutor::reExecutePeriodic (49 bytes)
Event: 3839.770 Thread 0x000002730425baa0 nmethod 25199 0x00000272aea99d10 code [0x00000272aea99f40, 0x00000272aea9a5c0]
Event: 3869.849 Thread 0x000002730425baa0 25200       3       org.eclipse.jdt.ls.core.internal.ParentProcessWatcher::run (83 bytes)
Event: 3879.842 Thread 0x000002730425baa0 nmethod 25200 0x00000272aeb36990 code [0x00000272aeb36c20, 0x00000272aeb37608]
Event: 3879.844 Thread 0x000002730425baa0 25201   !   3       org.eclipse.jdt.ls.core.internal.ParentProcessWatcher::parentProcessStillRunning (492 bytes)
Event: 3889.860 Thread 0x000002730425baa0 nmethod 25201 0x00000272afd31c10 code [0x00000272afd32520, 0x00000272afd36230]

GC Heap History (20 events):
Event: 2069.343 GC heap before
{Heap before GC invocations=1188 (full 5):
 PSYoungGen      total 6656K, used 6591K [0x00000000d5580000, 0x00000000d5d80000, 0x0000000100000000)
  eden space 6144K, 99% used [0x00000000d5580000,0x00000000d5b7ff88,0x00000000d5b80000)
  from space 512K, 87% used [0x00000000d5d00000,0x00000000d5d70020,0x00000000d5d80000)
  to   space 512K, 0% used [0x00000000d5c80000,0x00000000d5c80000,0x00000000d5d00000)
 ParOldGen       total 767488K, used 376169K [0x0000000080000000, 0x00000000aed80000, 0x00000000d5580000)
  object space 767488K, 49% used [0x0000000080000000,0x0000000096f5a5e0,0x00000000aed80000)
 Metaspace       used 87582K, committed 89408K, reserved 1179648K
  class space    used 8781K, committed 9664K, reserved 1048576K
}
Event: 2069.348 GC heap after
{Heap after GC invocations=1188 (full 5):
 PSYoungGen      total 6656K, used 448K [0x00000000d5580000, 0x00000000d5d80000, 0x0000000100000000)
  eden space 6144K, 0% used [0x00000000d5580000,0x00000000d5580000,0x00000000d5b80000)
  from space 512K, 87% used [0x00000000d5c80000,0x00000000d5cf0020,0x00000000d5d00000)
  to   space 512K, 0% used [0x00000000d5d00000,0x00000000d5d00000,0x00000000d5d80000)
 ParOldGen       total 767488K, used 376321K [0x0000000080000000, 0x00000000aed80000, 0x00000000d5580000)
  object space 767488K, 49% used [0x0000000080000000,0x0000000096f80610,0x00000000aed80000)
 Metaspace       used 87582K, committed 89408K, reserved 1179648K
  class space    used 8781K, committed 9664K, reserved 1048576K
}
Event: 2070.623 GC heap before
{Heap before GC invocations=1189 (full 5):
 PSYoungGen      total 6656K, used 6592K [0x00000000d5580000, 0x00000000d5d80000, 0x0000000100000000)
  eden space 6144K, 99% used [0x00000000d5580000,0x00000000d5b7fff0,0x00000000d5b80000)
  from space 512K, 87% used [0x00000000d5c80000,0x00000000d5cf0020,0x00000000d5d00000)
  to   space 512K, 0% used [0x00000000d5d00000,0x00000000d5d00000,0x00000000d5d80000)
 ParOldGen       total 767488K, used 376321K [0x0000000080000000, 0x00000000aed80000, 0x00000000d5580000)
  object space 767488K, 49% used [0x0000000080000000,0x0000000096f80610,0x00000000aed80000)
 Metaspace       used 87583K, committed 89408K, reserved 1179648K
  class space    used 8781K, committed 9664K, reserved 1048576K
}
Event: 2070.630 GC heap after
{Heap after GC invocations=1189 (full 5):
 PSYoungGen      total 6656K, used 448K [0x00000000d5580000, 0x00000000d5d80000, 0x0000000100000000)
  eden space 6144K, 0% used [0x00000000d5580000,0x00000000d5580000,0x00000000d5b80000)
  from space 512K, 87% used [0x00000000d5d00000,0x00000000d5d70020,0x00000000d5d80000)
  to   space 512K, 0% used [0x00000000d5c80000,0x00000000d5c80000,0x00000000d5d00000)
 ParOldGen       total 767488K, used 376473K [0x0000000080000000, 0x00000000aed80000, 0x00000000d5580000)
  object space 767488K, 49% used [0x0000000080000000,0x0000000096fa6640,0x00000000aed80000)
 Metaspace       used 87583K, committed 89408K, reserved 1179648K
  class space    used 8781K, committed 9664K, reserved 1048576K
}
Event: 2080.593 GC heap before
{Heap before GC invocations=1190 (full 5):
 PSYoungGen      total 6656K, used 6592K [0x00000000d5580000, 0x00000000d5d80000, 0x0000000100000000)
  eden space 6144K, 100% used [0x00000000d5580000,0x00000000d5b80000,0x00000000d5b80000)
  from space 512K, 87% used [0x00000000d5d00000,0x00000000d5d70020,0x00000000d5d80000)
  to   space 512K, 0% used [0x00000000d5c80000,0x00000000d5c80000,0x00000000d5d00000)
 ParOldGen       total 767488K, used 376473K [0x0000000080000000, 0x00000000aed80000, 0x00000000d5580000)
  object space 767488K, 49% used [0x0000000080000000,0x0000000096fa6640,0x00000000aed80000)
 Metaspace       used 87583K, committed 89408K, reserved 1179648K
  class space    used 8781K, committed 9664K, reserved 1048576K
}
Event: 2080.599 GC heap after
{Heap after GC invocations=1190 (full 5):
 PSYoungGen      total 6656K, used 352K [0x00000000d5580000, 0x00000000d5d80000, 0x0000000100000000)
  eden space 6144K, 0% used [0x00000000d5580000,0x00000000d5580000,0x00000000d5b80000)
  from space 512K, 68% used [0x00000000d5c80000,0x00000000d5cd8000,0x00000000d5d00000)
  to   space 512K, 0% used [0x00000000d5d00000,0x00000000d5d00000,0x00000000d5d80000)
 ParOldGen       total 767488K, used 376697K [0x0000000080000000, 0x00000000aed80000, 0x00000000d5580000)
  object space 767488K, 49% used [0x0000000080000000,0x0000000096fde670,0x00000000aed80000)
 Metaspace       used 87583K, committed 89408K, reserved 1179648K
  class space    used 8781K, committed 9664K, reserved 1048576K
}
Event: 2080.812 GC heap before
{Heap before GC invocations=1191 (full 5):
 PSYoungGen      total 6656K, used 6496K [0x00000000d5580000, 0x00000000d5d80000, 0x0000000100000000)
  eden space 6144K, 100% used [0x00000000d5580000,0x00000000d5b80000,0x00000000d5b80000)
  from space 512K, 68% used [0x00000000d5c80000,0x00000000d5cd8000,0x00000000d5d00000)
  to   space 512K, 0% used [0x00000000d5d00000,0x00000000d5d00000,0x00000000d5d80000)
 ParOldGen       total 767488K, used 376697K [0x0000000080000000, 0x00000000aed80000, 0x00000000d5580000)
  object space 767488K, 49% used [0x0000000080000000,0x0000000096fde670,0x00000000aed80000)
 Metaspace       used 87586K, committed 89408K, reserved 1179648K
  class space    used 8781K, committed 9664K, reserved 1048576K
}
Event: 2080.819 GC heap after
{Heap after GC invocations=1191 (full 5):
 PSYoungGen      total 6656K, used 256K [0x00000000d5580000, 0x00000000d5d80000, 0x0000000100000000)
  eden space 6144K, 0% used [0x00000000d5580000,0x00000000d5580000,0x00000000d5b80000)
  from space 512K, 50% used [0x00000000d5d00000,0x00000000d5d40000,0x00000000d5d80000)
  to   space 512K, 0% used [0x00000000d5c80000,0x00000000d5c80000,0x00000000d5d00000)
 ParOldGen       total 767488K, used 376817K [0x0000000080000000, 0x00000000aed80000, 0x00000000d5580000)
  object space 767488K, 49% used [0x0000000080000000,0x0000000096ffc670,0x00000000aed80000)
 Metaspace       used 87586K, committed 89408K, reserved 1179648K
  class space    used 8781K, committed 9664K, reserved 1048576K
}
Event: 2549.725 GC heap before
{Heap before GC invocations=1192 (full 5):
 PSYoungGen      total 6656K, used 6400K [0x00000000d5580000, 0x00000000d5d80000, 0x0000000100000000)
  eden space 6144K, 100% used [0x00000000d5580000,0x00000000d5b80000,0x00000000d5b80000)
  from space 512K, 50% used [0x00000000d5d00000,0x00000000d5d40000,0x00000000d5d80000)
  to   space 512K, 0% used [0x00000000d5c80000,0x00000000d5c80000,0x00000000d5d00000)
 ParOldGen       total 767488K, used 376817K [0x0000000080000000, 0x00000000aed80000, 0x00000000d5580000)
  object space 767488K, 49% used [0x0000000080000000,0x0000000096ffc670,0x00000000aed80000)
 Metaspace       used 87596K, committed 89408K, reserved 1179648K
  class space    used 8781K, committed 9664K, reserved 1048576K
}
Event: 2549.930 GC heap after
{Heap after GC invocations=1192 (full 5):
 PSYoungGen      total 6656K, used 448K [0x00000000d5580000, 0x00000000d5d80000, 0x0000000100000000)
  eden space 6144K, 0% used [0x00000000d5580000,0x00000000d5580000,0x00000000d5b80000)
  from space 512K, 87% used [0x00000000d5c80000,0x00000000d5cf0020,0x00000000d5d00000)
  to   space 512K, 0% used [0x00000000d5d00000,0x00000000d5d00000,0x00000000d5d80000)
 ParOldGen       total 767488K, used 376873K [0x0000000080000000, 0x00000000aed80000, 0x00000000d5580000)
  object space 767488K, 49% used [0x0000000080000000,0x000000009700a670,0x00000000aed80000)
 Metaspace       used 87596K, committed 89408K, reserved 1179648K
  class space    used 8781K, committed 9664K, reserved 1048576K
}
Event: 2686.514 GC heap before
{Heap before GC invocations=1193 (full 5):
 PSYoungGen      total 6656K, used 6592K [0x00000000d5580000, 0x00000000d5d80000, 0x0000000100000000)
  eden space 6144K, 100% used [0x00000000d5580000,0x00000000d5b80000,0x00000000d5b80000)
  from space 512K, 87% used [0x00000000d5c80000,0x00000000d5cf0020,0x00000000d5d00000)
  to   space 512K, 0% used [0x00000000d5d00000,0x00000000d5d00000,0x00000000d5d80000)
 ParOldGen       total 767488K, used 376873K [0x0000000080000000, 0x00000000aed80000, 0x00000000d5580000)
  object space 767488K, 49% used [0x0000000080000000,0x000000009700a670,0x00000000aed80000)
 Metaspace       used 87605K, committed 89408K, reserved 1179648K
  class space    used 8781K, committed 9664K, reserved 1048576K
}
Event: 2686.679 GC heap after
{Heap after GC invocations=1193 (full 5):
 PSYoungGen      total 6656K, used 352K [0x00000000d5580000, 0x00000000d5d80000, 0x0000000100000000)
  eden space 6144K, 0% used [0x00000000d5580000,0x00000000d5580000,0x00000000d5b80000)
  from space 512K, 68% used [0x00000000d5d00000,0x00000000d5d58000,0x00000000d5d80000)
  to   space 512K, 0% used [0x00000000d5c80000,0x00000000d5c80000,0x00000000d5d00000)
 ParOldGen       total 767488K, used 376921K [0x0000000080000000, 0x00000000aed80000, 0x00000000d5580000)
  object space 767488K, 49% used [0x0000000080000000,0x0000000097016670,0x00000000aed80000)
 Metaspace       used 87605K, committed 89408K, reserved 1179648K
  class space    used 8781K, committed 9664K, reserved 1048576K
}
Event: 2743.672 GC heap before
{Heap before GC invocations=1194 (full 5):
 PSYoungGen      total 6656K, used 6495K [0x00000000d5580000, 0x00000000d5d80000, 0x0000000100000000)
  eden space 6144K, 99% used [0x00000000d5580000,0x00000000d5b7ffc8,0x00000000d5b80000)
  from space 512K, 68% used [0x00000000d5d00000,0x00000000d5d58000,0x00000000d5d80000)
  to   space 512K, 0% used [0x00000000d5c80000,0x00000000d5c80000,0x00000000d5d00000)
 ParOldGen       total 767488K, used 376921K [0x0000000080000000, 0x00000000aed80000, 0x00000000d5580000)
  object space 767488K, 49% used [0x0000000080000000,0x0000000097016670,0x00000000aed80000)
 Metaspace       used 87615K, committed 89472K, reserved 1179648K
  class space    used 8781K, committed 9664K, reserved 1048576K
}
Event: 2743.903 GC heap after
{Heap after GC invocations=1194 (full 5):
 PSYoungGen      total 6656K, used 336K [0x00000000d5580000, 0x00000000d5d80000, 0x0000000100000000)
  eden space 6144K, 0% used [0x00000000d5580000,0x00000000d5580000,0x00000000d5b80000)
  from space 512K, 65% used [0x00000000d5c80000,0x00000000d5cd4010,0x00000000d5d00000)
  to   space 512K, 0% used [0x00000000d5d00000,0x00000000d5d00000,0x00000000d5d80000)
 ParOldGen       total 767488K, used 377041K [0x0000000080000000, 0x00000000aed80000, 0x00000000d5580000)
  object space 767488K, 49% used [0x0000000080000000,0x0000000097034670,0x00000000aed80000)
 Metaspace       used 87615K, committed 89472K, reserved 1179648K
  class space    used 8781K, committed 9664K, reserved 1048576K
}
Event: 2745.746 GC heap before
{Heap before GC invocations=1195 (full 5):
 PSYoungGen      total 6656K, used 6480K [0x00000000d5580000, 0x00000000d5d80000, 0x0000000100000000)
  eden space 6144K, 100% used [0x00000000d5580000,0x00000000d5b80000,0x00000000d5b80000)
  from space 512K, 65% used [0x00000000d5c80000,0x00000000d5cd4010,0x00000000d5d00000)
  to   space 512K, 0% used [0x00000000d5d00000,0x00000000d5d00000,0x00000000d5d80000)
 ParOldGen       total 767488K, used 377041K [0x0000000080000000, 0x00000000aed80000, 0x00000000d5580000)
  object space 767488K, 49% used [0x0000000080000000,0x0000000097034670,0x00000000aed80000)
 Metaspace       used 87616K, committed 89472K, reserved 1179648K
  class space    used 8781K, committed 9664K, reserved 1048576K
}
Event: 2745.755 GC heap after
{Heap after GC invocations=1195 (full 5):
 PSYoungGen      total 6656K, used 416K [0x00000000d5580000, 0x00000000d5d80000, 0x0000000100000000)
  eden space 6144K, 0% used [0x00000000d5580000,0x00000000d5580000,0x00000000d5b80000)
  from space 512K, 81% used [0x00000000d5d00000,0x00000000d5d68020,0x00000000d5d80000)
  to   space 512K, 0% used [0x00000000d5c80000,0x00000000d5c80000,0x00000000d5d00000)
 ParOldGen       total 767488K, used 377185K [0x0000000080000000, 0x00000000aed80000, 0x00000000d5580000)
  object space 767488K, 49% used [0x0000000080000000,0x0000000097058680,0x00000000aed80000)
 Metaspace       used 87616K, committed 89472K, reserved 1179648K
  class space    used 8781K, committed 9664K, reserved 1048576K
}
Event: 2752.614 GC heap before
{Heap before GC invocations=1196 (full 5):
 PSYoungGen      total 6656K, used 6560K [0x00000000d5580000, 0x00000000d5d80000, 0x0000000100000000)
  eden space 6144K, 100% used [0x00000000d5580000,0x00000000d5b80000,0x00000000d5b80000)
  from space 512K, 81% used [0x00000000d5d00000,0x00000000d5d68020,0x00000000d5d80000)
  to   space 512K, 0% used [0x00000000d5c80000,0x00000000d5c80000,0x00000000d5d00000)
 ParOldGen       total 767488K, used 377185K [0x0000000080000000, 0x00000000aed80000, 0x00000000d5580000)
  object space 767488K, 49% used [0x0000000080000000,0x0000000097058680,0x00000000aed80000)
 Metaspace       used 87619K, committed 89472K, reserved 1179648K
  class space    used 8781K, committed 9664K, reserved 1048576K
}
Event: 2752.620 GC heap after
{Heap after GC invocations=1196 (full 5):
 PSYoungGen      total 6656K, used 448K [0x00000000d5580000, 0x00000000d5d80000, 0x0000000100000000)
  eden space 6144K, 0% used [0x00000000d5580000,0x00000000d5580000,0x00000000d5b80000)
  from space 512K, 87% used [0x00000000d5c80000,0x00000000d5cf0020,0x00000000d5d00000)
  to   space 512K, 0% used [0x00000000d5d00000,0x00000000d5d00000,0x00000000d5d80000)
 ParOldGen       total 767488K, used 377321K [0x0000000080000000, 0x00000000aed80000, 0x00000000d5580000)
  object space 767488K, 49% used [0x0000000080000000,0x000000009707a6a0,0x00000000aed80000)
 Metaspace       used 87619K, committed 89472K, reserved 1179648K
  class space    used 8781K, committed 9664K, reserved 1048576K
}
Event: 2756.582 GC heap before
{Heap before GC invocations=1197 (full 5):
 PSYoungGen      total 6656K, used 6592K [0x00000000d5580000, 0x00000000d5d80000, 0x0000000100000000)
  eden space 6144K, 100% used [0x00000000d5580000,0x00000000d5b80000,0x00000000d5b80000)
  from space 512K, 87% used [0x00000000d5c80000,0x00000000d5cf0020,0x00000000d5d00000)
  to   space 512K, 0% used [0x00000000d5d00000,0x00000000d5d00000,0x00000000d5d80000)
 ParOldGen       total 767488K, used 377321K [0x0000000080000000, 0x00000000aed80000, 0x00000000d5580000)
  object space 767488K, 49% used [0x0000000080000000,0x000000009707a6a0,0x00000000aed80000)
 Metaspace       used 87624K, committed 89472K, reserved 1179648K
  class space    used 8781K, committed 9664K, reserved 1048576K
}
Event: 2756.587 GC heap after
{Heap after GC invocations=1197 (full 5):
 PSYoungGen      total 6656K, used 384K [0x00000000d5580000, 0x00000000d5d80000, 0x0000000100000000)
  eden space 6144K, 0% used [0x00000000d5580000,0x00000000d5580000,0x00000000d5b80000)
  from space 512K, 75% used [0x00000000d5d00000,0x00000000d5d60000,0x00000000d5d80000)
  to   space 512K, 0% used [0x00000000d5c80000,0x00000000d5c80000,0x00000000d5d00000)
 ParOldGen       total 767488K, used 377473K [0x0000000080000000, 0x00000000aed80000, 0x00000000d5580000)
  object space 767488K, 49% used [0x0000000080000000,0x00000000970a06d0,0x00000000aed80000)
 Metaspace       used 87624K, committed 89472K, reserved 1179648K
  class space    used 8781K, committed 9664K, reserved 1048576K
}

Dll operation events (12 events):
Event: 0.023 Loaded shared library c:\Users\HP\.qoder\extensions\redhat.java-1.45.0-win32-x64\jre\21.0.8-win32-x86_64\bin\java.dll
Event: 0.230 Loaded shared library c:\Users\HP\.qoder\extensions\redhat.java-1.45.0-win32-x64\jre\21.0.8-win32-x86_64\bin\zip.dll
Event: 0.267 Loaded shared library C:\Users\HP\.qoder\extensions\redhat.java-1.45.0-win32-x64\jre\21.0.8-win32-x86_64\bin\instrument.dll
Event: 0.276 Loaded shared library C:\Users\HP\.qoder\extensions\redhat.java-1.45.0-win32-x64\jre\21.0.8-win32-x86_64\bin\net.dll
Event: 0.280 Loaded shared library C:\Users\HP\.qoder\extensions\redhat.java-1.45.0-win32-x64\jre\21.0.8-win32-x86_64\bin\nio.dll
Event: 0.288 Loaded shared library C:\Users\HP\.qoder\extensions\redhat.java-1.45.0-win32-x64\jre\21.0.8-win32-x86_64\bin\zip.dll
Event: 0.335 Loaded shared library C:\Users\HP\.qoder\extensions\redhat.java-1.45.0-win32-x64\jre\21.0.8-win32-x86_64\bin\jimage.dll
Event: 0.492 Loaded shared library c:\Users\HP\.qoder\extensions\redhat.java-1.45.0-win32-x64\jre\21.0.8-win32-x86_64\bin\verify.dll
Event: 11.154 Loaded shared library C:\Users\HP\AppData\Roaming\Qoder\User\globalStorage\redhat.java\1.45.0\config_win\org.eclipse.equinox.launcher\org.eclipse.equinox.launcher.win32.win32.x86_64_1.2.1400.v20250801-0854\eclipse_11916.dll
Event: 21.620 Loaded shared library C:\Users\HP\AppData\Local\Temp\jna-2312\jna9366135138222342463.dll
Event: 24.352 Loaded shared library C:\Users\HP\.qoder\extensions\redhat.java-1.45.0-win32-x64\jre\21.0.8-win32-x86_64\bin\sunmscapi.dll
Event: 24.555 Loaded shared library C:\Users\HP\.qoder\extensions\redhat.java-1.45.0-win32-x64\jre\21.0.8-win32-x86_64\bin\extnet.dll

Deoptimization events (20 events):
Event: 1260.364 Thread 0x000002730c34c400 Uncommon trap: trap_request=0xffffffbe fr.pc=0x00000272b6aa7c4c relative=0x000000000000122c
Event: 1260.364 Thread 0x000002730c34c400 Uncommon trap: reason=profile_predicate action=maybe_recompile pc=0x00000272b6aa7c4c method=org.eclipse.aether.DefaultRepositorySystemSession.copySafe(Ljava/util/Map;Ljava/lang/Class;)Ljava/util/Map; @ 66 c2
Event: 1260.364 Thread 0x000002730c34c400 DEOPT PACKING pc=0x00000272b6aa7c4c sp=0x000000f0633fd7b0
Event: 1260.365 Thread 0x000002730c34c400 DEOPT UNPACKING pc=0x00000272b50c3aa2 sp=0x000000f0633fd7b8 mode 2
Event: 1260.411 Thread 0x000002730c34c400 Uncommon trap: trap_request=0xffffffbe fr.pc=0x00000272b6aa7c4c relative=0x000000000000122c
Event: 1260.411 Thread 0x000002730c34c400 Uncommon trap: reason=profile_predicate action=maybe_recompile pc=0x00000272b6aa7c4c method=org.eclipse.aether.DefaultRepositorySystemSession.copySafe(Ljava/util/Map;Ljava/lang/Class;)Ljava/util/Map; @ 66 c2
Event: 1260.411 Thread 0x000002730c34c400 DEOPT PACKING pc=0x00000272b6aa7c4c sp=0x000000f0633fd7b0
Event: 1260.411 Thread 0x000002730c34c400 DEOPT UNPACKING pc=0x00000272b50c3aa2 sp=0x000000f0633fd7b8 mode 2
Event: 1262.946 Thread 0x000002730c34b6e0 Uncommon trap: trap_request=0xffffffbe fr.pc=0x00000272b6aa7c4c relative=0x000000000000122c
Event: 1262.946 Thread 0x000002730c34b6e0 Uncommon trap: reason=profile_predicate action=maybe_recompile pc=0x00000272b6aa7c4c method=org.eclipse.aether.DefaultRepositorySystemSession.copySafe(Ljava/util/Map;Ljava/lang/Class;)Ljava/util/Map; @ 66 c2
Event: 1262.946 Thread 0x000002730c34b6e0 DEOPT PACKING pc=0x00000272b6aa7c4c sp=0x000000f0632fe1a0
Event: 1262.946 Thread 0x000002730c34b6e0 DEOPT UNPACKING pc=0x00000272b50c3aa2 sp=0x000000f0632fe1a8 mode 2
Event: 1262.947 Thread 0x000002730c34b6e0 Uncommon trap: trap_request=0xffffffbe fr.pc=0x00000272b6a7fee0 relative=0x0000000000000da0
Event: 1262.947 Thread 0x000002730c34b6e0 Uncommon trap: reason=profile_predicate action=maybe_recompile pc=0x00000272b6a7fee0 method=org.eclipse.aether.DefaultRepositorySystemSession.copySafe(Ljava/util/Map;Ljava/lang/Class;)Ljava/util/Map; @ 59 c2
Event: 1262.947 Thread 0x000002730c34b6e0 DEOPT PACKING pc=0x00000272b6a7fee0 sp=0x000000f0632fe180
Event: 1262.947 Thread 0x000002730c34b6e0 DEOPT UNPACKING pc=0x00000272b50c3aa2 sp=0x000000f0632fe1b0 mode 2
Event: 1278.461 Thread 0x000002730c34d120 Uncommon trap: trap_request=0xfffffff4 fr.pc=0x00000272b6ab6068 relative=0x0000000000001548
Event: 1278.461 Thread 0x000002730c34d120 Uncommon trap: reason=null_check action=make_not_entrant pc=0x00000272b6ab6068 method=org.eclipse.aether.DefaultRepositorySystemSession.copySafe(Ljava/util/Map;Ljava/lang/Class;)Ljava/util/Map; @ 110 c2
Event: 1278.461 Thread 0x000002730c34d120 DEOPT PACKING pc=0x00000272b6ab6068 sp=0x000000f060ffe690
Event: 1278.463 Thread 0x000002730c34d120 DEOPT UNPACKING pc=0x00000272b50c3aa2 sp=0x000000f060ffe680 mode 2

Classes loaded (20 events):
Event: 131.628 Loading class java/nio/BufferMismatch
Event: 131.630 Loading class java/nio/BufferMismatch done
Event: 137.115 Loading class jdk/internal/module/IllegalAccessLogger
Event: 137.115 Loading class jdk/internal/module/IllegalAccessLogger done
Event: 195.426 Loading class jdk/internal/module/IllegalAccessLogger
Event: 195.426 Loading class jdk/internal/module/IllegalAccessLogger done
Event: 200.804 Loading class java/util/Spliterators$IntArraySpliterator
Event: 200.807 Loading class java/util/Spliterators$IntArraySpliterator done
Event: 223.210 Loading class jdk/internal/module/IllegalAccessLogger
Event: 223.210 Loading class jdk/internal/module/IllegalAccessLogger done
Event: 329.271 Loading class java/util/stream/Nodes$CollectorTask$OfRef
Event: 329.284 Loading class java/util/stream/Nodes$CollectorTask
Event: 329.298 Loading class java/util/stream/Nodes$CollectorTask done
Event: 329.298 Loading class java/util/stream/Nodes$CollectorTask$OfRef done
Event: 329.602 Loading class java/util/function/LongFunction
Event: 329.605 Loading class java/util/function/LongFunction done
Event: 329.615 Loading class java/util/stream/Nodes$ConcNode
Event: 329.622 Loading class java/util/stream/Nodes$AbstractConcNode
Event: 329.630 Loading class java/util/stream/Nodes$AbstractConcNode done
Event: 329.630 Loading class java/util/stream/Nodes$ConcNode done

Classes unloaded (9 events):
Event: 22.447 Thread 0x00000272aaa0dab0 Unloading class 0x00000272c31ac800 'java/lang/invoke/LambdaForm$MH+0x00000272c31ac800'
Event: 22.447 Thread 0x00000272aaa0dab0 Unloading class 0x00000272c31ac400 'java/lang/invoke/LambdaForm$MH+0x00000272c31ac400'
Event: 22.447 Thread 0x00000272aaa0dab0 Unloading class 0x00000272c31ac000 'java/lang/invoke/LambdaForm$MH+0x00000272c31ac000'
Event: 22.447 Thread 0x00000272aaa0dab0 Unloading class 0x00000272c31abc00 'java/lang/invoke/LambdaForm$MH+0x00000272c31abc00'
Event: 22.447 Thread 0x00000272aaa0dab0 Unloading class 0x00000272c31ab800 'java/lang/invoke/LambdaForm$BMH+0x00000272c31ab800'
Event: 22.447 Thread 0x00000272aaa0dab0 Unloading class 0x00000272c31ab400 'java/lang/invoke/LambdaForm$DMH+0x00000272c31ab400'
Event: 22.447 Thread 0x00000272aaa0dab0 Unloading class 0x00000272c31aa000 'java/lang/invoke/LambdaForm$DMH+0x00000272c31aa000'
Event: 54.301 Thread 0x00000272aaa0dab0 Unloading class 0x00000272c374c800 'java/lang/invoke/LambdaForm$DMH+0x00000272c374c800'
Event: 54.301 Thread 0x00000272aaa0dab0 Unloading class 0x00000272c374c400 'java/lang/invoke/LambdaForm$DMH+0x00000272c374c400'

Classes redefined (0 events):
No events

Internal exceptions (20 events):
Event: 224.236 Thread 0x0000027309d87df0 Exception <a 'java/lang/ArrayIndexOutOfBoundsException'{0x00000000d5943de8}: Index 23966 out of bounds for length 23966> (0x00000000d5943de8) 
thrown [s\src\hotspot\share\interpreter\interpreterRuntime.cpp, line 439]
Event: 224.236 Thread 0x0000027309d87df0 Exception <a 'java/lang/ArrayIndexOutOfBoundsException'{0x00000000d5944198}: Index 23967 out of bounds for length 23966> (0x00000000d5944198) 
thrown [s\src\hotspot\share\interpreter\interpreterRuntime.cpp, line 439]
Event: 329.942 Thread 0x000002730c34eb60 Exception <a 'sun/nio/fs/WindowsException'{0x00000000d5b5b1a8}> (0x00000000d5b5b1a8) 
thrown [s\src\hotspot\share\prims\jni.cpp, line 520]
Event: 329.946 Thread 0x000002730c34eb60 Exception <a 'sun/nio/fs/WindowsException'{0x00000000d5b5bce0}> (0x00000000d5b5bce0) 
thrown [s\src\hotspot\share\prims\jni.cpp, line 520]
Event: 329.962 Thread 0x000002730c34eb60 Implicit null exception at 0x00000272b63d0b06 to 0x00000272b63d0da8
Event: 330.365 Thread 0x000002730c34eb60 Exception <a 'java/lang/NoSuchMethodError'{0x00000000d55ed5c0}: static [J.<clinit>()V> (0x00000000d55ed5c0) 
thrown [s\src\hotspot\share\prims\jni.cpp, line 1111]
Event: 719.626 Thread 0x000002731dc5faa0 Exception <a 'sun/nio/fs/WindowsException'{0x00000000d5924050}> (0x00000000d5924050) 
thrown [s\src\hotspot\share\prims\jni.cpp, line 520]
Event: 736.650 Thread 0x000002730c34eb60 Exception <a 'sun/nio/fs/WindowsException'{0x00000000d576cfe0}> (0x00000000d576cfe0) 
thrown [s\src\hotspot\share\prims\jni.cpp, line 520]
Event: 736.651 Thread 0x000002730c34eb60 Exception <a 'sun/nio/fs/WindowsException'{0x00000000d576daf8}> (0x00000000d576daf8) 
thrown [s\src\hotspot\share\prims\jni.cpp, line 520]
Event: 1041.206 Thread 0x000002730c34b050 Exception <a 'sun/nio/fs/WindowsException'{0x00000000d58affb0}> (0x00000000d58affb0) 
thrown [s\src\hotspot\share\prims\jni.cpp, line 520]
Event: 1041.212 Thread 0x000002730c34b050 Exception <a 'sun/nio/fs/WindowsException'{0x00000000d58b0898}> (0x00000000d58b0898) 
thrown [s\src\hotspot\share\prims\jni.cpp, line 520]
Event: 1278.461 Thread 0x000002730c34d120 Implicit null exception at 0x00000272b6ab51d3 to 0x00000272b6ab6054
Event: 1481.156 Thread 0x000002730c34b6e0 Exception <a 'sun/nio/fs/WindowsException'{0x00000000d5580d68}> (0x00000000d5580d68) 
thrown [s\src\hotspot\share\prims\jni.cpp, line 520]
Event: 1481.159 Thread 0x000002730c34b6e0 Exception <a 'sun/nio/fs/WindowsException'{0x00000000d5581630}> (0x00000000d5581630) 
thrown [s\src\hotspot\share\prims\jni.cpp, line 520]
Event: 1791.553 Thread 0x000002730c34de40 Exception <a 'sun/nio/fs/WindowsException'{0x00000000d58670e8}> (0x00000000d58670e8) 
thrown [s\src\hotspot\share\prims\jni.cpp, line 520]
Event: 1791.554 Thread 0x000002730c34de40 Exception <a 'sun/nio/fs/WindowsException'{0x00000000d58679d0}> (0x00000000d58679d0) 
thrown [s\src\hotspot\share\prims\jni.cpp, line 520]
Event: 2360.227 Thread 0x000002730c3505a0 Exception <a 'sun/nio/fs/WindowsException'{0x00000000d55df510}> (0x00000000d55df510) 
thrown [s\src\hotspot\share\prims\jni.cpp, line 520]
Event: 2360.232 Thread 0x000002730c3505a0 Exception <a 'sun/nio/fs/WindowsException'{0x00000000d55e0048}> (0x00000000d55e0048) 
thrown [s\src\hotspot\share\prims\jni.cpp, line 520]
Event: 2847.360 Thread 0x000002730c34d120 Exception <a 'sun/nio/fs/WindowsException'{0x00000000d5842f60}> (0x00000000d5842f60) 
thrown [s\src\hotspot\share\prims\jni.cpp, line 520]
Event: 2847.366 Thread 0x000002730c34d120 Exception <a 'sun/nio/fs/WindowsException'{0x00000000d5843ac8}> (0x00000000d5843ac8) 
thrown [s\src\hotspot\share\prims\jni.cpp, line 520]

ZGC Phase Switch (0 events):
No events

VM Operations (20 events):
Event: 3607.948 Executing VM operation: HandshakeAllThreads (HandshakeForDeflation)
Event: 3607.957 Executing VM operation: HandshakeAllThreads (HandshakeForDeflation) done
Event: 3607.957 Executing VM operation: RendezvousGCThreads
Event: 3607.957 Executing VM operation: RendezvousGCThreads done
Event: 3788.335 Executing VM operation: HandshakeAllThreads (HandshakeForDeflation)
Event: 3788.343 Executing VM operation: HandshakeAllThreads (HandshakeForDeflation) done
Event: 3788.362 Executing VM operation: RendezvousGCThreads
Event: 3788.363 Executing VM operation: RendezvousGCThreads done
Event: 3848.459 Executing VM operation: HandshakeAllThreads (HandshakeForDeflation)
Event: 3848.471 Executing VM operation: HandshakeAllThreads (HandshakeForDeflation) done
Event: 3848.471 Executing VM operation: RendezvousGCThreads
Event: 3848.471 Executing VM operation: RendezvousGCThreads done
Event: 3908.630 Executing VM operation: HandshakeAllThreads (HandshakeForDeflation)
Event: 3908.631 Executing VM operation: HandshakeAllThreads (HandshakeForDeflation) done
Event: 3908.632 Executing VM operation: RendezvousGCThreads
Event: 3908.632 Executing VM operation: RendezvousGCThreads done
Event: 3968.726 Executing VM operation: HandshakeAllThreads (HandshakeForDeflation)
Event: 3968.736 Executing VM operation: HandshakeAllThreads (HandshakeForDeflation) done
Event: 3968.736 Executing VM operation: RendezvousGCThreads
Event: 3968.736 Executing VM operation: RendezvousGCThreads done

Memory protections (0 events):
No events

Nmethod flushes (20 events):
Event: 202.957 Thread 0x00000272aaa0dab0 flushing  nmethod 0x00000272afee5590
Event: 202.957 Thread 0x00000272aaa0dab0 flushing  nmethod 0x00000272afee5b90
Event: 202.957 Thread 0x00000272aaa0dab0 flushing  nmethod 0x00000272afee5f10
Event: 202.957 Thread 0x00000272aaa0dab0 flushing  nmethod 0x00000272afee6810
Event: 202.957 Thread 0x00000272aaa0dab0 flushing  nmethod 0x00000272afee7d10
Event: 202.957 Thread 0x00000272aaa0dab0 flushing  nmethod 0x00000272afee8290
Event: 202.957 Thread 0x00000272aaa0dab0 flushing  nmethod 0x00000272afee8c90
Event: 202.957 Thread 0x00000272aaa0dab0 flushing  nmethod 0x00000272aff02590
Event: 202.957 Thread 0x00000272aaa0dab0 flushing osr nmethod 0x00000272aff0a610
Event: 202.957 Thread 0x00000272aaa0dab0 flushing  nmethod 0x00000272aff1ae10
Event: 202.957 Thread 0x00000272aaa0dab0 flushing  nmethod 0x00000272aff2d610
Event: 202.957 Thread 0x00000272aaa0dab0 flushing  nmethod 0x00000272aff4f410
Event: 202.957 Thread 0x00000272aaa0dab0 flushing  nmethod 0x00000272aff4f890
Event: 202.957 Thread 0x00000272aaa0dab0 flushing  nmethod 0x00000272affadd10
Event: 202.957 Thread 0x00000272aaa0dab0 flushing  nmethod 0x00000272affae210
Event: 202.957 Thread 0x00000272aaa0dab0 flushing  nmethod 0x00000272affae990
Event: 202.957 Thread 0x00000272aaa0dab0 flushing  nmethod 0x00000272affaef90
Event: 202.957 Thread 0x00000272aaa0dab0 flushing  nmethod 0x00000272affaf690
Event: 202.957 Thread 0x00000272aaa0dab0 flushing  nmethod 0x00000272affbbf90
Event: 202.957 Thread 0x00000272aaa0dab0 flushing  nmethod 0x00000272affbe590

Events (20 events):
Event: 2182.106 Thread 0x000002730c34c400 Thread exited: 0x000002730c34c400
Event: 2182.120 Thread 0x000002730c34de40 Thread exited: 0x000002730c34de40
Event: 2360.120 Thread 0x000002730c3505a0 Thread added: 0x000002730c34de40
Event: 2360.141 Thread 0x000002730c34de40 Thread exited: 0x000002730c34de40
Event: 2360.246 Thread 0x000002730c3505a0 Thread added: 0x000002730c34d120
Event: 2360.250 Thread 0x000002730c34d120 Thread exited: 0x000002730c34d120
Event: 2545.064 Thread 0x000002730c3505a0 Thread added: 0x000002730c34eb60
Event: 2545.081 Thread 0x000002730c3505a0 Thread added: 0x000002730c34de40
Event: 2665.537 Thread 0x000002730c34de40 Thread exited: 0x000002730c34de40
Event: 2683.480 Thread 0x000002730c34b050 Thread added: 0x000002730c34b6e0
Event: 2687.814 Thread 0x000002730c34eb60 Thread added: 0x000002730c34d120
Event: 2742.033 Thread 0x000002730c34b050 Thread added: 0x000002730c34de40
Event: 2816.823 Thread 0x000002730c3505a0 Thread exited: 0x000002730c3505a0
Event: 2846.852 Thread 0x000002730c34eb60 Thread exited: 0x000002730c34eb60
Event: 2847.254 Thread 0x000002730c34d120 Thread added: 0x000002730c34eb60
Event: 2847.275 Thread 0x000002730c34eb60 Thread exited: 0x000002730c34eb60
Event: 2847.387 Thread 0x000002730c34d120 Thread added: 0x000002730c34eb60
Event: 2847.390 Thread 0x000002730c34eb60 Thread exited: 0x000002730c34eb60
Event: 2847.653 Thread 0x000002730c34de40 Thread exited: 0x000002730c34de40
Event: 2849.531 Thread 0x000002730c34b6e0 Thread exited: 0x000002730c34b6e0


Dynamic libraries:
0x00007ff686110000 - 0x00007ff68611e000 	c:\Users\HP\.qoder\extensions\redhat.java-1.45.0-win32-x64\jre\21.0.8-win32-x86_64\bin\java.exe
0x00007ffd46d00000 - 0x00007ffd46f69000 	C:\WINDOWS\SYSTEM32\ntdll.dll
0x00007ffd45720000 - 0x00007ffd457e9000 	C:\WINDOWS\System32\KERNEL32.DLL
0x00007ffd44560000 - 0x00007ffd44953000 	C:\WINDOWS\System32\KERNELBASE.dll
0x00007ffd44410000 - 0x00007ffd4455b000 	C:\WINDOWS\System32\ucrtbase.dll
0x00007ffd2cb60000 - 0x00007ffd2cb78000 	c:\Users\HP\.qoder\extensions\redhat.java-1.45.0-win32-x64\jre\21.0.8-win32-x86_64\bin\jli.dll
0x00007ffd2c960000 - 0x00007ffd2c97e000 	c:\Users\HP\.qoder\extensions\redhat.java-1.45.0-win32-x64\jre\21.0.8-win32-x86_64\bin\VCRUNTIME140.dll
0x00007ffd45dc0000 - 0x00007ffd45f84000 	C:\WINDOWS\System32\USER32.dll
0x00007ffd44210000 - 0x00007ffd44237000 	C:\WINDOWS\System32\win32u.dll
0x00007ffd2c4f0000 - 0x00007ffd2c783000 	C:\WINDOWS\WinSxS\amd64_microsoft.windows.common-controls_6595b64144ccf1df_6.0.26100.5074_none_3e0d6f78e32fd63f\COMCTL32.dll
0x00007ffd44be0000 - 0x00007ffd44c0b000 	C:\WINDOWS\System32\GDI32.dll
0x00007ffd469b0000 - 0x00007ffd46a59000 	C:\WINDOWS\System32\msvcrt.dll
0x00007ffd442e0000 - 0x00007ffd4440d000 	C:\WINDOWS\System32\gdi32full.dll
0x00007ffd44160000 - 0x00007ffd44203000 	C:\WINDOWS\System32\msvcp_win.dll
0x00007ffd45c60000 - 0x00007ffd45c8f000 	C:\WINDOWS\System32\IMM32.DLL
0x00007ffd2ff80000 - 0x00007ffd2ff8c000 	c:\Users\HP\.qoder\extensions\redhat.java-1.45.0-win32-x64\jre\21.0.8-win32-x86_64\bin\vcruntime140_1.dll
0x00007ffccb110000 - 0x00007ffccb19d000 	c:\Users\HP\.qoder\extensions\redhat.java-1.45.0-win32-x64\jre\21.0.8-win32-x86_64\bin\msvcp140.dll
0x00007ffc8ff80000 - 0x00007ffc90d17000 	c:\Users\HP\.qoder\extensions\redhat.java-1.45.0-win32-x64\jre\21.0.8-win32-x86_64\bin\server\jvm.dll
0x00007ffd45ca0000 - 0x00007ffd45d54000 	C:\WINDOWS\System32\ADVAPI32.dll
0x00007ffd46000000 - 0x00007ffd460a6000 	C:\WINDOWS\System32\sechost.dll
0x00007ffd465d0000 - 0x00007ffd466e8000 	C:\WINDOWS\System32\RPCRT4.dll
0x00007ffd46c40000 - 0x00007ffd46cb4000 	C:\WINDOWS\System32\WS2_32.dll
0x00007ffd43b60000 - 0x00007ffd43bbe000 	C:\WINDOWS\SYSTEM32\POWRPROF.dll
0x00007ffd3d860000 - 0x00007ffd3d895000 	C:\WINDOWS\SYSTEM32\WINMM.dll
0x00007ffd3d8a0000 - 0x00007ffd3d8ab000 	C:\WINDOWS\SYSTEM32\VERSION.dll
0x00007ffd43b40000 - 0x00007ffd43b54000 	C:\WINDOWS\SYSTEM32\UMPDC.dll
0x00007ffd42c70000 - 0x00007ffd42c8b000 	C:\WINDOWS\SYSTEM32\kernel.appcore.dll
0x00007ffd2f3f0000 - 0x00007ffd2f3fa000 	c:\Users\HP\.qoder\extensions\redhat.java-1.45.0-win32-x64\jre\21.0.8-win32-x86_64\bin\jimage.dll
0x00007ffd371f0000 - 0x00007ffd37432000 	C:\WINDOWS\SYSTEM32\DBGHELP.DLL
0x00007ffd44c40000 - 0x00007ffd44fbb000 	C:\WINDOWS\System32\combase.dll
0x00007ffd45b80000 - 0x00007ffd45c57000 	C:\WINDOWS\System32\OLEAUT32.dll
0x00007ffd26240000 - 0x00007ffd2627d000 	C:\WINDOWS\SYSTEM32\dbgcore.DLL
0x00007ffd44240000 - 0x00007ffd442d9000 	C:\WINDOWS\System32\bcryptPrimitives.dll
0x00007ffd295d0000 - 0x00007ffd295df000 	c:\Users\HP\.qoder\extensions\redhat.java-1.45.0-win32-x64\jre\21.0.8-win32-x86_64\bin\instrument.dll
0x00007ffd29510000 - 0x00007ffd2952f000 	c:\Users\HP\.qoder\extensions\redhat.java-1.45.0-win32-x64\jre\21.0.8-win32-x86_64\bin\java.dll
0x00007ffd44fd0000 - 0x00007ffd4571d000 	C:\WINDOWS\System32\SHELL32.dll
0x00007ffd44960000 - 0x00007ffd44acc000 	C:\WINDOWS\System32\wintypes.dll
0x00007ffd41af0000 - 0x00007ffd42349000 	C:\WINDOWS\SYSTEM32\windows.storage.dll
0x00007ffd467f0000 - 0x00007ffd468e0000 	C:\WINDOWS\System32\SHCORE.dll
0x00007ffd45f90000 - 0x00007ffd45ff2000 	C:\WINDOWS\System32\shlwapi.dll
0x00007ffd43db0000 - 0x00007ffd43dd9000 	C:\WINDOWS\SYSTEM32\profapi.dll
0x00007ffd24500000 - 0x00007ffd24518000 	c:\Users\HP\.qoder\extensions\redhat.java-1.45.0-win32-x64\jre\21.0.8-win32-x86_64\bin\zip.dll
0x00007ffd2cd20000 - 0x00007ffd2cd30000 	C:\Users\HP\.qoder\extensions\redhat.java-1.45.0-win32-x64\jre\21.0.8-win32-x86_64\bin\net.dll
0x00007ffd3a870000 - 0x00007ffd3a98f000 	C:\WINDOWS\SYSTEM32\WINHTTP.dll
0x00007ffd431f0000 - 0x00007ffd4325b000 	C:\WINDOWS\system32\mswsock.dll
0x00007ffd23da0000 - 0x00007ffd23db6000 	C:\Users\HP\.qoder\extensions\redhat.java-1.45.0-win32-x64\jre\21.0.8-win32-x86_64\bin\nio.dll
0x00007ffd2cd10000 - 0x00007ffd2cd20000 	c:\Users\HP\.qoder\extensions\redhat.java-1.45.0-win32-x64\jre\21.0.8-win32-x86_64\bin\verify.dll
0x00007ffcf5df0000 - 0x00007ffcf5e34000 	C:\Users\HP\AppData\Roaming\Qoder\User\globalStorage\redhat.java\1.45.0\config_win\org.eclipse.equinox.launcher\org.eclipse.equinox.launcher.win32.win32.x86_64_1.2.1400.v20250801-0854\eclipse_11916.dll
0x00007ffd459e0000 - 0x00007ffd45b78000 	C:\WINDOWS\System32\ole32.dll
0x00007ffd43490000 - 0x00007ffd434ab000 	C:\WINDOWS\SYSTEM32\CRYPTSP.dll
0x00007ffd42bd0000 - 0x00007ffd42c0b000 	C:\WINDOWS\system32\rsaenh.dll
0x00007ffd43290000 - 0x00007ffd432bb000 	C:\WINDOWS\SYSTEM32\USERENV.dll
0x00007ffd43d80000 - 0x00007ffd43da6000 	C:\WINDOWS\SYSTEM32\bcrypt.dll
0x00007ffd434b0000 - 0x00007ffd434bc000 	C:\WINDOWS\SYSTEM32\CRYPTBASE.dll
0x00007ffd426c0000 - 0x00007ffd426f4000 	C:\WINDOWS\SYSTEM32\IPHLPAPI.DLL
0x00007ffd457f0000 - 0x00007ffd457fa000 	C:\WINDOWS\System32\NSI.dll
0x00007ffcf21d0000 - 0x00007ffcf2219000 	C:\Users\HP\AppData\Local\Temp\jna-2312\jna9366135138222342463.dll
0x00007ffd44b50000 - 0x00007ffd44b58000 	C:\WINDOWS\System32\PSAPI.DLL
0x00007ffd3da70000 - 0x00007ffd3da8e000 	C:\WINDOWS\SYSTEM32\dhcpcsvc6.DLL
0x00007ffd3d7b0000 - 0x00007ffd3d7d3000 	C:\WINDOWS\SYSTEM32\dhcpcsvc.DLL
0x00007ffd36c50000 - 0x00007ffd36c5e000 	C:\Users\HP\.qoder\extensions\redhat.java-1.45.0-win32-x64\jre\21.0.8-win32-x86_64\bin\sunmscapi.dll
0x00007ffd43f20000 - 0x00007ffd44097000 	C:\WINDOWS\System32\CRYPT32.dll
0x00007ffd436b0000 - 0x00007ffd436e0000 	C:\WINDOWS\SYSTEM32\ncrypt.dll
0x00007ffd43660000 - 0x00007ffd4369f000 	C:\WINDOWS\SYSTEM32\NTASN1.dll
0x00007ffd42760000 - 0x00007ffd42886000 	C:\WINDOWS\SYSTEM32\DNSAPI.dll
0x00007ffd3a5f0000 - 0x00007ffd3a5fb000 	C:\Windows\System32\rasadhlp.dll
0x00007ffd3e070000 - 0x00007ffd3e0f6000 	C:\WINDOWS\System32\fwpuclnt.dll
0x00007ffd2ff20000 - 0x00007ffd2ff29000 	C:\Users\HP\.qoder\extensions\redhat.java-1.45.0-win32-x64\jre\21.0.8-win32-x86_64\bin\extnet.dll
0x00007ffd42d90000 - 0x00007ffd42dc6000 	C:\WINDOWS\SYSTEM32\ntmarta.dll

JVMTI agents:
c:\Users\HP\.qoder\extensions\redhat.java-1.45.0-win32-x64\lombok\lombok-1.18.39-4050.jar path:c:\Users\HP\.qoder\extensions\redhat.java-1.45.0-win32-x64\jre\21.0.8-win32-x86_64\bin\instrument.dll, loaded, initialized, instrumentlib options:none

dbghelp: loaded successfully - version: 4.0.5 - missing functions: none
symbol engine: initialized successfully - sym options: 0x614 - pdb path: .;c:\Users\HP\.qoder\extensions\redhat.java-1.45.0-win32-x64\jre\21.0.8-win32-x86_64\bin;C:\WINDOWS\SYSTEM32;C:\WINDOWS\WinSxS\amd64_microsoft.windows.common-controls_6595b64144ccf1df_6.0.26100.5074_none_3e0d6f78e32fd63f;c:\Users\HP\.qoder\extensions\redhat.java-1.45.0-win32-x64\jre\21.0.8-win32-x86_64\bin\server;C:\Users\HP\AppData\Roaming\Qoder\User\globalStorage\redhat.java\1.45.0\config_win\org.eclipse.equinox.launcher\org.eclipse.equinox.launcher.win32.win32.x86_64_1.2.1400.v20250801-0854;C:\Users\HP\AppData\Local\Temp\jna-2312

VM Arguments:
jvm_args: --add-modules=ALL-SYSTEM --add-opens=java.base/java.util=ALL-UNNAMED --add-opens=java.base/java.lang=ALL-UNNAMED --add-opens=java.base/sun.nio.fs=ALL-UNNAMED -Declipse.application=org.eclipse.jdt.ls.core.id1 -Dosgi.bundles.defaultStartLevel=4 -Declipse.product=org.eclipse.jdt.ls.core.product -Djava.import.generatesMetadataFilesAtProjectRoot=false -DDetectVMInstallationsJob.disabled=true -Dfile.encoding=utf8 -XX:+UseParallelGC -XX:GCTimeRatio=4 -XX:AdaptiveSizePolicyWeight=90 -Dsun.zip.disableMemoryMapping=true -Xmx2G -Xms100m -Xlog:disable -javaagent:c:\Users\HP\.qoder\extensions\redhat.java-1.45.0-win32-x64\lombok\lombok-1.18.39-4050.jar -XX:+HeapDumpOnOutOfMemoryError -XX:HeapDumpPath=c:\Users\HP\AppData\Roaming\Qoder\User\workspaceStorage\c8dd275b3f5c34df4f1f65b0cc0df5d9\redhat.java -Daether.dependencyCollector.impl=bf 
java_command: c:\Users\HP\.qoder\extensions\redhat.java-1.45.0-win32-x64\server\plugins\org.eclipse.equinox.launcher_1.7.0.v20250519-0528.jar -configuration c:\Users\HP\AppData\Roaming\Qoder\User\globalStorage\redhat.java\1.45.0\config_win -data c:\Users\HP\AppData\Roaming\Qoder\User\workspaceStorage\c8dd275b3f5c34df4f1f65b0cc0df5d9\redhat.java\jdt_ws --pipe=\\.\pipe\lsp-47162588220c36e4d02ff5f2da7fe886-sock
java_class_path (initial): c:\Users\HP\.qoder\extensions\redhat.java-1.45.0-win32-x64\server\plugins\org.eclipse.equinox.launcher_1.7.0.v20250519-0528.jar
Launcher Type: SUN_STANDARD

[Global flags]
    uintx AdaptiveSizePolicyWeight                 = 90                                        {product} {command line}
     intx CICompilerCount                          = 4                                         {product} {ergonomic}
    uintx GCTimeRatio                              = 4                                         {product} {command line}
     bool HeapDumpOnOutOfMemoryError               = true                                   {manageable} {command line}
    ccstr HeapDumpPath                             = c:\Users\HP\AppData\Roaming\Qoder\User\workspaceStorage\c8dd275b3f5c34df4f1f65b0cc0df5d9\redhat.java         {manageable} {command line}
   size_t InitialHeapSize                          = 104857600                                 {product} {command line}
   size_t MaxHeapSize                              = 2147483648                                {product} {command line}
   size_t MaxNewSize                               = 715653120                                 {product} {ergonomic}
   size_t MinHeapDeltaBytes                        = 524288                                    {product} {ergonomic}
   size_t MinHeapSize                              = 104857600                                 {product} {command line}
   size_t NewSize                                  = 34603008                                  {product} {ergonomic}
    uintx NonNMethodCodeHeapSize                   = 5839372                                {pd product} {ergonomic}
    uintx NonProfiledCodeHeapSize                  = 122909434                              {pd product} {ergonomic}
   size_t OldSize                                  = 70254592                                  {product} {ergonomic}
    uintx ProfiledCodeHeapSize                     = 122909434                              {pd product} {ergonomic}
    uintx ReservedCodeCacheSize                    = 251658240                              {pd product} {ergonomic}
     bool SegmentedCodeCache                       = true                                      {product} {ergonomic}
   size_t SoftMaxHeapSize                          = 2147483648                             {manageable} {ergonomic}
     bool UseCompressedOops                        = true                           {product lp64_product} {ergonomic}
     bool UseLargePagesIndividualAllocation        = false                                  {pd product} {ergonomic}
     bool UseParallelGC                            = true                                      {product} {command line}

Logging:
Log output configuration:
 #0: stdout all=off uptime,level,tags foldmultilines=false
 #1: stderr all=off uptime,level,tags foldmultilines=false

Environment Variables:
PATH=C:\Program Files\Common Files\Oracle\Java\javapath;C:\windows\system32;C:\windows;C:\windows\System32\Wbem;C:\windows\System32\WindowsPowerShell\v1.0\;C:\windows\System32\OpenSSH\;C:\MinGW\bin;C:\Program Files\HP\HP One Agent;C:\Program Files\Git\cmd;;C:\WINDOWS\system32;C:\WINDOWS;C:\WINDOWS\System32\Wbem;C:\WINDOWS\System32\WindowsPowerShell\v1.0\;C:\WINDOWS\System32\OpenSSH\;C:\Program Files\nodejs\;C:\ProgramData\chocolatey\bin;C:\Program Files\Void\bin;C:\Users\HP\AppData\Local\Microsoft\WindowsApps;C:\Users\HP\AppData\Local\Programs\Microsoft VS Code\bin;C:\mingw64\bin;C:\Users\HP\AppData\Roaming\npm;C:\Users\HP\AppData\Local\Programs\Windsurf\bin;C:\Users\HP\AppData\Local\Programs\Qoder\bin
USERNAME=HP
OS=Windows_NT
PROCESSOR_IDENTIFIER=AMD64 Family 23 Model 104 Stepping 1, AuthenticAMD
TMP=C:\Users\HP\AppData\Local\Temp
TEMP=C:\Users\HP\AppData\Local\Temp




Periodic native trim disabled

---------------  S Y S T E M  ---------------

OS:
 Windows 11 , 64 bit Build 26100 (10.0.26100.5074)
OS uptime: 0 days 20:05 hours
Hyper-V role detected

CPU: total 12 (initial active 12) (12 cores per cpu, 2 threads per core) family 23 model 104 stepping 1 microcode 0x8608104, cx8, cmov, fxsr, ht, mmx, 3dnowpref, sse, sse2, sse3, ssse3, sse4a, sse4.1, sse4.2, popcnt, lzcnt, tsc, tscinvbit, avx, avx2, aes, clmul, bmi1, bmi2, adx, sha, fma, vzeroupper, clflush, clflushopt, hv, rdtscp, rdpid, f16c
Processor Information for the first 12 processors :
  Max Mhz: 2100, Current Mhz: 1686, Mhz Limit: 2100

Memory: 4k page, system-wide physical 7502M (455M free)
TotalPageFile size 30030M (AvailPageFile size 24M)
current process WorkingSet (physical memory assigned to process): 8M, peak: 631M
current process commit charge ("private bytes"): 1110M, peak: 1187M

vm_info: OpenJDK 64-Bit Server VM (21.0.8+9-LTS) for windows-amd64 JRE (21.0.8+9-LTS), built on 2025-07-15T00:00:00Z by "admin" with MS VC++ 17.7 (VS2022)

END.
